<?xml version="1.0" encoding="UTF-8"?><testsuite errors="0" failures="4" name="in.reqres.reqresinfo.UserCURDTestWithSteps" skipped="0" tests="14" time="9.74" timestamp="2022-06-21T11:27:03.715+01:00[Europe/London]"><testcase classname="in.reqres.reqresinfo.UserCURDTestWithSteps" name="This will create a user"/><testcase classname="in.reqres.reqresinfo.UserCURDTestWithSteps" name="Verify is User is added or not"><failure message="&#10;Expected: map containing [ANYTHING-&gt;&quot;Tom8839&quot;]&#10;     but: map was [&lt;data={last_name=Morris, id=5, avatar=https://reqres.in/img/faces/5-image.jpg, first_name=Charles, email=charles.morris@reqres.in}&gt;, &lt;support={text=To keep ReqRes free, contributions towards server costs are appreciated!, url=https://reqres.in/#support-heading}&gt;]" type="java.lang.AssertionError">
Expected: map containing [ANYTHING-&gt;"Tom8839"]
     but: map was [&lt;data={last_name=Morris, id=5, avatar=https://reqres.in/img/faces/5-image.jpg, first_name=Charles, email=charles.morris@reqres.in}&gt;, &lt;support={text=To keep ReqRes free, contributions towards server costs are appreciated!, url=https://reqres.in/#support-heading}&gt;]</failure><system-err>
Expected: map containing [ANYTHING-&gt;"Tom8839"]
     but: map was [&lt;data={last_name=Morris, id=5, avatar=https://reqres.in/img/faces/5-image.jpg, first_name=Charles, email=charles.morris@reqres.in}&gt;, &lt;support={text=To keep ReqRes free, contributions towards server costs are appreciated!, url=https://reqres.in/#support-heading}&gt;]&#13;
in.reqres.reqresinfo.UserCURDTestWithSteps.test002(UserCURDTestWithSteps.java:45)&#13;
</system-err></testcase><testcase classname="in.reqres.reqresinfo.UserCURDTestWithSteps" name="This will login a user"><failure message="1 expectation failed.&#10;Expected status code &lt;200&gt; but was &lt;400&gt;.&#10;" type="java.lang.AssertionError">1 expectation failed.
Expected status code &lt;200&gt; but was &lt;400&gt;.
</failure><system-err>1 expectation failed.
Expected status code &lt;200&gt; but was &lt;400&gt;.
&#13;
io.restassured.internal.ResponseSpecificationImpl.validateResponseIfRequired(ResponseSpecificationImpl.groovy:636)&#13;
io.restassured.internal.ResponseSpecificationImpl.statusCode(ResponseSpecificationImpl.groovy:122)&#13;
io.restassured.internal.ResponseSpecificationImpl.statusCode(ResponseSpecificationImpl.groovy:130)&#13;
io.restassured.internal.ValidatableResponseOptionsImpl.statusCode(ValidatableResponseOptionsImpl.java:117)&#13;
in.reqres.reqresinfo.UsersSteps.loginUser(UsersSteps.java:59)&#13;
in.reqres.reqresinfo.UserCURDTestWithSteps.test003(UserCURDTestWithSteps.java:52)&#13;
</system-err></testcase><testcase classname="in.reqres.reqresinfo.UserCURDTestWithSteps" name="This will update a user by PUT"/><testcase classname="in.reqres.reqresinfo.UserCURDTestWithSteps" name="This will update a user by Patch"/><testcase classname="in.reqres.reqresinfo.UserCURDTestWithSteps" name="This will Delete a user "/><testcase classname="in.reqres.reqresinfo.UserCURDTestWithSteps" name="1. This will verify if Page = 2"/><testcase classname="in.reqres.reqresinfo.UserCURDTestWithSteps" name="2. This will if verify Per_page = 6"/><testcase classname="in.reqres.reqresinfo.UserCURDTestWithSteps" name="3. This will if verify second data id = 12"><failure message="expected:&lt;12&gt; but was:&lt;8&gt;" type="java.lang.AssertionError">expected:&lt;12&gt; but was:&lt;8&gt;</failure><system-err>expected:&lt;12&gt; but was:&lt;8&gt;&#13;
in.reqres.reqresinfo.UserCURDTestWithSteps.test009(UserCURDTestWithSteps.java:102)&#13;
</system-err></testcase><testcase classname="in.reqres.reqresinfo.UserCURDTestWithSteps" name="4. This will if verify forth data first_name = Reena"><failure message="expected:&lt;[Reena]&gt; but was:&lt;[Byron]&gt;" type="org.junit.ComparisonFailure">expected:&lt;[Reena]&gt; but was:&lt;[Byron]&gt;</failure><system-err>expected:&lt;[Reena]&gt; but was:&lt;[Byron]&gt;&#13;
in.reqres.reqresinfo.UserCURDTestWithSteps.test010(UserCURDTestWithSteps.java:110)&#13;
</system-err></testcase><testcase classname="in.reqres.reqresinfo.UserCURDTestWithSteps" name="5. This will if verify list of data = 6"/><testcase classname="in.reqres.reqresinfo.UserCURDTestWithSteps" name="6. This will if verify fifth data avatar=https://reqres.in/img/faces/12-image.jpg"/><testcase classname="in.reqres.reqresinfo.UserCURDTestWithSteps" name="7. This will if verify support.url =https://reqres.in/#support-heading"/><testcase classname="in.reqres.reqresinfo.UserCURDTestWithSteps" name="8. This will if verify support.text = To keep ReqRes free, contributions towards server costs are appreciated!"/></testsuite>